# JRE version: OpenJDK Runtime Environment (17.0.2+8) (build 17.0.2+8-86)
# Java VM: OpenJDK 64-Bit Server VM (17.0.2+8-86, mixed mode, emulated-client, sharing, tiered, compressed oops, compressed class ptrs, g1 gc, windows-amd64)
GC Precious Log:
 CPUs: 8 total, 8 available
 Memory: 8034M
 Large Page Support: Disabled
 NUMA Support: Disabled
 Compressed Oops: Enabled (32-bit)
 Heap Region Size: 1M
 Heap Min Capacity: 8M
 Heap Initial Capacity: 126M
 Heap Max Capacity: 2010M
 Pre-touch: Disabled
 Parallel Workers: 8
 Concurrent Workers: 2
 Concurrent Refinement Workers: 8
 Periodic GC: Disabled
Heap:
 garbage-first heap   total 100352K, used 27031K [0x0000000082600000, 0x0000000100000000)
  region size 1024K, 4 young (4096K), 4 survivors (4096K)
 Metaspace       used 48527K, committed 48960K, reserved 1097728K
  class space    used 6679K, committed 6912K, reserved 1048576K
GC Heap History (20 events):
Event: 2.006 GC heap after
{Heap after GC invocations=1 (full 0):
 garbage-first heap   total 129024K, used 10543K [0x0000000082600000, 0x0000000100000000)
  region size 1024K, 3 young (3072K), 3 survivors (3072K)
 Metaspace       used 6786K, committed 6976K, reserved 1056768K
  class space    used 823K, committed 896K, reserved 1048576K
}
Event: 2.383 GC heap before
{Heap before GC invocations=1 (full 0):
 garbage-first heap   total 129024K, used 27951K [0x0000000082600000, 0x0000000100000000)
  region size 1024K, 20 young (20480K), 3 survivors (3072K)
 Metaspace       used 10791K, committed 11072K, reserved 1064960K
  class space    used 1445K, committed 1600K, reserved 1048576K
}
Event: 2.387 GC heap after
{Heap after GC invocations=2 (full 0):
 garbage-first heap   total 129024K, used 12458K [0x0000000082600000, 0x0000000100000000)
  region size 1024K, 2 young (2048K), 2 survivors (2048K)
 Metaspace       used 10791K, committed 11072K, reserved 1064960K
  class space    used 1445K, committed 1600K, reserved 1048576K
}
Event: 3.090 GC heap before
{Heap before GC invocations=2 (full 0):
 garbage-first heap   total 129024K, used 58538K [0x0000000082600000, 0x0000000100000000)
  region size 1024K, 48 young (49152K), 2 survivors (2048K)
 Metaspace       used 17475K, committed 17856K, reserved 1064960K
  class space    used 2309K, committed 2496K, reserved 1048576K
}
Event: 3.094 GC heap after
{Heap after GC invocations=3 (full 0):
 garbage-first heap   total 129024K, used 14727K [0x0000000082600000, 0x0000000100000000)
  region size 1024K, 4 young (4096K), 4 survivors (4096K)
 Metaspace       used 17475K, committed 17856K, reserved 1064960K
  class space    used 2309K, committed 2496K, reserved 1048576K
}
Event: 3.707 GC heap before
{Heap before GC invocations=3 (full 0):
 garbage-first heap   total 129024K, used 43399K [0x0000000082600000, 0x0000000100000000)
  region size 1024K, 33 young (33792K), 4 survivors (4096K)
 Metaspace       used 21186K, committed 21504K, reserved 1073152K
  class space    used 2847K, committed 3008K, reserved 1048576K
}
Event: 3.712 GC heap after
{Heap after GC invocations=4 (full 0):
 garbage-first heap   total 129024K, used 16847K [0x0000000082600000, 0x0000000100000000)
  region size 1024K, 6 young (6144K), 6 survivors (6144K)
 Metaspace       used 21186K, committed 21504K, reserved 1073152K
  class space    used 2847K, committed 3008K, reserved 1048576K
}
Event: 4.200 GC heap before
{Heap before GC invocations=5 (full 0):
 garbage-first heap   total 61440K, used 47567K [0x0000000082600000, 0x0000000100000000)
  region size 1024K, 37 young (37888K), 6 survivors (6144K)
 Metaspace       used 26074K, committed 26432K, reserved 1073152K
  class space    used 3492K, committed 3648K, reserved 1048576K
}
Event: 4.211 GC heap after
{Heap after GC invocations=6 (full 0):
 garbage-first heap   total 61440K, used 19706K [0x0000000082600000, 0x0000000100000000)
  region size 1024K, 8 young (8192K), 8 survivors (8192K)
 Metaspace       used 26074K, committed 26432K, reserved 1073152K
  class space    used 3492K, committed 3648K, reserved 1048576K
}
Event: 4.229 GC heap before
{Heap before GC invocations=6 (full 0):
 garbage-first heap   total 61440K, used 19706K [0x0000000082600000, 0x0000000100000000)
  region size 1024K, 9 young (9216K), 8 survivors (8192K)
 Metaspace       used 26172K, committed 26560K, reserved 1073152K
  class space    used 3509K, committed 3712K, reserved 1048576K
}
Event: 4.238 GC heap after
{Heap after GC invocations=7 (full 0):
 garbage-first heap   total 61440K, used 20055K [0x0000000082600000, 0x0000000100000000)
  region size 1024K, 1 young (1024K), 1 survivors (1024K)
 Metaspace       used 26172K, committed 26560K, reserved 1073152K
  class space    used 3509K, committed 3712K, reserved 1048576K
}
Event: 4.603 GC heap before
{Heap before GC invocations=7 (full 0):
 garbage-first heap   total 61440K, used 41559K [0x0000000082600000, 0x0000000100000000)
  region size 1024K, 23 young (23552K), 1 survivors (1024K)
 Metaspace       used 30723K, committed 31104K, reserved 1081344K
  class space    used 4172K, committed 4352K, reserved 1048576K
}
Event: 4.605 GC heap after
{Heap after GC invocations=8 (full 0):
 garbage-first heap   total 61440K, used 20508K [0x0000000082600000, 0x0000000100000000)
  region size 1024K, 2 young (2048K), 2 survivors (2048K)
 Metaspace       used 30723K, committed 31104K, reserved 1081344K
  class space    used 4172K, committed 4352K, reserved 1048576K
}
Event: 4.981 GC heap before
{Heap before GC invocations=8 (full 0):
 garbage-first heap   total 61440K, used 33820K [0x0000000082600000, 0x0000000100000000)
  region size 1024K, 17 young (17408K), 2 survivors (2048K)
 Metaspace       used 35632K, committed 35968K, reserved 1081344K
  class space    used 4817K, committed 4992K, reserved 1048576K
}
Event: 4.983 GC heap after
{Heap after GC invocations=9 (full 0):
 garbage-first heap   total 61440K, used 21921K [0x0000000082600000, 0x0000000100000000)
  region size 1024K, 3 young (3072K), 3 survivors (3072K)
 Metaspace       used 35632K, committed 35968K, reserved 1081344K
  class space    used 4817K, committed 4992K, reserved 1048576K
}
Event: 5.507 GC heap before
{Heap before GC invocations=10 (full 0):
 garbage-first heap   total 61440K, used 44449K [0x0000000082600000, 0x0000000100000000)
  region size 1024K, 26 young (26624K), 3 survivors (3072K)
 Metaspace       used 42657K, committed 43008K, reserved 1089536K
  class space    used 5720K, committed 5888K, reserved 1048576K
}
Event: 5.509 GC heap after
{Heap after GC invocations=11 (full 0):
 garbage-first heap   total 61440K, used 23147K [0x0000000082600000, 0x0000000100000000)
  region size 1024K, 3 young (3072K), 3 survivors (3072K)
 Metaspace       used 42657K, committed 43008K, reserved 1089536K
  class space    used 5720K, committed 5888K, reserved 1048576K
}
Event: 5.783 GC heap before
{Heap before GC invocations=11 (full 0):
 garbage-first heap   total 61440K, used 46699K [0x0000000082600000, 0x0000000100000000)
  region size 1024K, 26 young (26624K), 3 survivors (3072K)
 Metaspace       used 45949K, committed 46336K, reserved 1089536K
  class space    used 6320K, committed 6528K, reserved 1048576K
}
Event: 5.787 GC heap after
{Heap after GC invocations=12 (full 0):
 garbage-first heap   total 61440K, used 24550K [0x0000000082600000, 0x0000000100000000)
  region size 1024K, 3 young (3072K), 3 survivors (3072K)
 Metaspace       used 45949K, committed 46336K, reserved 1089536K
  class space    used 6320K, committed 6528K, reserved 1048576K
}
Event: 6.000 GC heap before
{Heap before GC invocations=12 (full 0):
 garbage-first heap   total 61440K, used 46054K [0x0000000082600000, 0x0000000100000000)
  region size 1024K, 25 young (25600K), 3 survivors (3072K)
 Metaspace       used 48527K, committed 48960K, reserved 1097728K
  class space    used 6679K, committed 6912K, reserved 1048576K
}

